api/ring_router.py:34: error: Name "ring" already defined on line 25  [no-redef]
api/ring_router.py:35: error: Name "model_isolation" already defined on line 28  [no-redef]
api/decision_diff.py:156: error: Name "changes" already defined on line 77  [no-redef]
api/db_models.py:31: error: Variable "api.db_models.Base" is not valid as a type  [valid-type]
api/db_models.py:31: note: See https://mypy.readthedocs.io/en/stable/common_issues.html#variables-vs-type-aliases
api/db_models.py:31: error: Invalid base class "Base"  [misc]
api/db_models.py:86: error: Variable "api.db_models.Base" is not valid as a type  [valid-type]
api/db_models.py:86: note: See https://mypy.readthedocs.io/en/stable/common_issues.html#variables-vs-type-aliases
api/db_models.py:86: error: Invalid base class "Base"  [misc]
api/db_models.py:131: error: Variable "api.db_models.Base" is not valid as a type  [valid-type]
api/db_models.py:131: note: See https://mypy.readthedocs.io/en/stable/common_issues.html#variables-vs-type-aliases
api/db_models.py:131: error: Invalid base class "Base"  [misc]
api/db_models.py:163: error: Variable "api.db_models.Base" is not valid as a type  [valid-type]
api/db_models.py:163: note: See https://mypy.readthedocs.io/en/stable/common_issues.html#variables-vs-type-aliases
api/db_models.py:163: error: Invalid base class "Base"  [misc]
api/db_models.py:190: error: Variable "api.db_models.Base" is not valid as a type  [valid-type]
api/db_models.py:190: note: See https://mypy.readthedocs.io/en/stable/common_issues.html#variables-vs-type-aliases
api/db_models.py:190: error: Invalid base class "Base"  [misc]
engine/tied.py:5: error: Module "api.schemas" has no attribute "TIEDEstimate"  [attr-defined]
engine/tied.py:5: error: Module "api.schemas" has no attribute "ClassificationRing"  [attr-defined]
engine/tied.py:5: error: Module "api.schemas" has no attribute "Persona"  [attr-defined]
engine/roe.py:4: error: Module "api.schemas" has no attribute "Persona"  [attr-defined]
engine/roe.py:4: error: Module "api.schemas" has no attribute "ClassificationRing"  [attr-defined]
engine/roe.py:4: error: Module "api.schemas" has no attribute "TIEDEstimate"  [attr-defined]
engine/roe.py:41: error: No overload variant of "set" matches argument type "object"  [call-overload]
engine/roe.py:41: note: Possible overload variants:
engine/roe.py:41: note:     def [_T] __init__(self) -> set[_T]
engine/roe.py:41: note:     def [_T] __init__(self, Iterable[_T], /) -> set[_T]
engine/roe.py:61: error: Unsupported operand types for > ("int" and "object")  [operator]
engine/persona.py:3: error: Module "api.schemas" has no attribute "Persona"  [attr-defined]
jobs/merkle_anchor/job.py:129: error: Argument 1 to "Path" has incompatible type "str | None"; expected "str | PathLike[str]"  [arg-type]
jobs/merkle_anchor/job.py:135: error: Argument 1 to "connect" has incompatible type "str | None"; expected "str | bytes | PathLike[str] | PathLike[bytes]"  [arg-type]
api/evidence_chain.py:195: error: Argument "chain_ts" to "build_chain_payload" has incompatible type "Any | None"; expected "datetime"  [arg-type]
api/tenant_usage.py:111: note: By default the bodies of untyped functions are not checked, consider using --check-untyped-defs  [annotation-unchecked]
api/tenant_usage.py:112: note: By default the bodies of untyped functions are not checked, consider using --check-untyped-defs  [annotation-unchecked]
api/tenant_usage.py:113: note: By default the bodies of untyped functions are not checked, consider using --check-untyped-defs  [annotation-unchecked]
api/tenant_usage.py:114: note: By default the bodies of untyped functions are not checked, consider using --check-untyped-defs  [annotation-unchecked]
api/security_alerts.py:76: error: Argument 1 of "__ge__" is incompatible with supertype "builtins.str"; supertype defines the argument type as "str"  [override]
api/security_alerts.py:76: note: This violates the Liskov substitution principle
api/security_alerts.py:76: note: See https://mypy.readthedocs.io/en/stable/common_issues.html#incompatible-overrides
api/security_alerts.py:80: error: Argument 1 of "__gt__" is incompatible with supertype "builtins.str"; supertype defines the argument type as "str"  [override]
api/security_alerts.py:80: note: This violates the Liskov substitution principle
api/security_alerts.py:80: note: See https://mypy.readthedocs.io/en/stable/common_issues.html#incompatible-overrides
api/security_alerts.py:208: note: By default the bodies of untyped functions are not checked, consider using --check-untyped-defs  [annotation-unchecked]
api/security_alerts.py:349: error: Incompatible types in assignment (expression has type "SecurityAlert | None", variable has type "SecurityAlert")  [assignment]
api/roe_engine.py:63: error: Argument 3 to "apply_doctrine" has incompatible type "list[engine.pipeline.Mitigation]"; expected "list[engine.evaluate.Mitigation]"  [arg-type]
api/ingest_bus.py:352: error: Incompatible types in assignment (expression has type "dict[str, object]", variable has type "PipelineResult")  [assignment]
api/ingest_bus.py:370: error: Incompatible return value type (got "PipelineResult", expected "dict[str, Any]")  [return-value]
api/graceful_shutdown.py:181: error: Cannot infer type of lambda  [misc]
api/circuit_breaker.py:345: note: By default the bodies of untyped functions are not checked, consider using --check-untyped-defs  [annotation-unchecked]
api/auth_scopes.py:862: error: Argument 4 to "_update_key_usage" has incompatible type "str | Any | None"; expected "str"  [arg-type]
api/middleware/dos_guard.py:153: note: By default the bodies of untyped functions are not checked, consider using --check-untyped-defs  [annotation-unchecked]
api/persist.py:7: error: Module "api.db" has no attribute "engine"; maybe "Engine"?  [attr-defined]
api/dev_events.py:232: error: Argument "kind" to "_make_record" has incompatible type "object"; expected "str"  [arg-type]
api/dev_events.py:235: error: Argument "ip" to "_make_record" has incompatible type "object"; expected "str"  [arg-type]
api/dev_events.py:236: error: Argument "severity" to "_make_record" has incompatible type "object"; expected "str"  [arg-type]
api/dev_events.py:237: error: Argument "threat_level" to "_make_record" has incompatible type "object"; expected "str"  [arg-type]
api/dev_events.py:238: error: Argument "action_taken" to "_make_record" has incompatible type "object"; expected "str"  [arg-type]
api/dev_events.py:239: error: Argument "pq_fallback" to "_make_record" has incompatible type "object"; expected "bool"  [arg-type]
api/dev_events.py:241: error: Argument "stable_key" to "_make_record" has incompatible type "object"; expected "str | None"  [arg-type]
api/auth.py:21: error: Module "tools.tenants.registry" has no attribute "get_tenant"  [attr-defined]
jobs/sim_validator/job.py:602: error: Incompatible types in assignment (expression has type "list[dict[str, Any]]", target has type "int | str")  [assignment]
api/admin.py:1129: error: Incompatible types in assignment (expression has type "SecurityAlertManager", variable has type "GracefulShutdownManager")  [assignment]
api/admin.py:1130: error: "GracefulShutdownManager" has no attribute "get_stats"; maybe "get_status"?  [attr-defined]
api/main.py:50: error: Module "api.mission_envelope" has no attribute "mission_envelopes_enabled"; maybe "mission_envelope_enabled"?  [attr-defined]
api/main.py:50: error: Name "mission_envelope_enabled" already defined (possibly by an import)  [no-redef]
api/main.py:347: error: "None" not callable  [misc]
